>> !ldd /home/ec2-user/Developer/Workspace/MexSample/test.mexa64
!ldd /home/ec2-user/Developer/Workspace/MexSample/test.mexa64
	linux-vdso.so.1 =>  (0x00007ffd51976000)
	/usr/lib/gcc/x86_64-amazon-linux/6.4.1/libstdc++.so (0x00007fe119002000)
	/usr/lib/gcc/x86_64-amazon-linux/6.4.1/libgcc_s.so (0x00007fe118dec000)
	libiomp5.so => /home/ec2-user/Developer/Tools/MATLAB/R2017b/sys/os/glnxa64/libiomp5.so (0x00007fe118aaa000)
	libmx.so => /home/ec2-user/Developer/Tools/MATLAB/R2017b/bin/glnxa64/libmx.so (0x00007fe118718000)
	libmex.so => /home/ec2-user/Developer/Tools/MATLAB/R2017b/bin/glnxa64/libmex.so (0x00007fe1184e1000)
	libmat.so => /home/ec2-user/Developer/Tools/MATLAB/R2017b/bin/glnxa64/libmat.so (0x00007fe118286000)
	libm.so.6 => /lib64/libm.so.6 (0x00007fe117f84000)
	libimf.so => /home/ec2-user/Developer/Tools/MATLAB/R2017b/sys/os/glnxa64/libimf.so (0x00007fe117a88000)
	libsvml.so => /home/ec2-user/Developer/Tools/MATLAB/R2017b/sys/os/glnxa64/libsvml.so (0x00007fe116bc9000)
	libirng.so => /home/ec2-user/Developer/Tools/intel/compilers_and_libraries_2018.1.163/linux/compiler/lib/intel64/libirng.so (0x00007fe116855000)
	libintlc.so.5 => /home/ec2-user/Developer/Tools/MATLAB/R2017b/sys/os/glnxa64/libintlc.so.5 (0x00007fe1165e9000)
	libpthread.so.0 => /lib64/libpthread.so.0 (0x00007fe1163cd000)
	libc.so.6 => /lib64/libc.so.6 (0x00007fe116009000)
	libdl.so.2 => /lib64/libdl.so.2 (0x00007fe115e05000)
	/lib64/ld-linux-x86-64.so.2 (0x00007fe119587000)
	libmwi18n.so => /home/ec2-user/Developer/Tools/MATLAB/R2017b/bin/glnxa64/libmwi18n.so (0x00007fe115abe000)
	libut.so => /home/ec2-user/Developer/Tools/MATLAB/R2017b/bin/glnxa64/libut.so (0x00007fe1157da000)
	libmwfl.so => /home/ec2-user/Developer/Tools/MATLAB/R2017b/bin/glnxa64/libmwfl.so (0x00007fe115412000)
	libmwfoundation_usm.so => /home/ec2-user/Developer/Tools/MATLAB/R2017b/bin/glnxa64/libmwfoundation_usm.so (0x00007fe1151f1000)
	libboost_log.so.1.56.0 => /home/ec2-user/Developer/Tools/MATLAB/R2017b/bin/glnxa64/libboost_log.so.1.56.0 (0x00007fe114f14000)
	libboost_system.so.1.56.0 => /home/ec2-user/Developer/Tools/MATLAB/R2017b/bin/glnxa64/libboost_system.so.1.56.0 (0x00007fe114d11000)
	libboost_thread.so.1.56.0 => /home/ec2-user/Developer/Tools/MATLAB/R2017b/bin/glnxa64/libboost_thread.so.1.56.0 (0x00007fe114af0000)
	libmwcpp11compat.so => /home/ec2-user/Developer/Tools/MATLAB/R2017b/bin/glnxa64/libmwcpp11compat.so (0x00007fe1148d2000)
	libicuuc.so.56 => /home/ec2-user/Developer/Tools/MATLAB/R2017b/bin/glnxa64/libicuuc.so.56 (0x00007fe114534000)
	libtbb.so.2 => /home/ec2-user/Developer/Tools/MATLAB/R2017b/bin/glnxa64/libtbb.so.2 (0x00007fe1142e9000)
	libtbbmalloc.so.2 => /home/ec2-user/Developer/Tools/MATLAB/R2017b/bin/glnxa64/libtbbmalloc.so.2 (0x00007fe114097000)
	libz.so.1 => /lib64/libz.so.1 (0x00007fe113e81000)
	libmwservices.so => /home/ec2-user/Developer/Tools/MATLAB/R2017b/bin/glnxa64/libmwservices.so (0x00007fe11383a000)
	libmwmpath.so => /home/ec2-user/Developer/Tools/MATLAB/R2017b/bin/glnxa64/libmwmpath.so (0x00007fe1135ad000)
	libmwm_dispatcher.so => /home/ec2-user/Developer/Tools/MATLAB/R2017b/bin/glnxa64/libmwm_dispatcher.so (0x00007fe1132a0000)
	libmwgenerate_diag_message.so => /home/ec2-user/Developer/Tools/MATLAB/R2017b/bin/glnxa64/libmwgenerate_diag_message.so (0x00007fe113098000)
	libhdf5.so.8 => /home/ec2-user/Developer/Tools/MATLAB/R2017b/bin/glnxa64/libhdf5.so.8 (0x00007fe112c07000)
	libmwresource_core.so => /home/ec2-user/Developer/Tools/MATLAB/R2017b/bin/glnxa64/libmwresource_core.so (0x00007fe112a05000)
	libboost_filesystem.so.1.56.0 => /home/ec2-user/Developer/Tools/MATLAB/R2017b/bin/glnxa64/libboost_filesystem.so.1.56.0 (0x00007fe1127ef000)
	libexpat.so.1 => /home/ec2-user/Developer/Tools/MATLAB/R2017b/bin/glnxa64/libexpat.so.1 (0x00007fe1125c7000)
	libicui18n.so.56 => /home/ec2-user/Developer/Tools/MATLAB/R2017b/bin/glnxa64/libicui18n.so.56 (0x00007fe112140000)
	libicuio.so.56 => /home/ec2-user/Developer/Tools/MATLAB/R2017b/bin/glnxa64/libicuio.so.56 (0x00007fe111f33000)
	librt.so.1 => /lib64/librt.so.1 (0x00007fe111d2b000)
	libcrypt.so.1 => /lib64/libcrypt.so.1 (0x00007fe111af4000)
	libpam.so.0 => /lib64/libpam.so.0 (0x00007fe1118e5000)
	libboost_date_time.so.1.56.0 => /home/ec2-user/Developer/Tools/MATLAB/R2017b/bin/glnxa64/libboost_date_time.so.1.56.0 (0x00007fe1116d4000)
	libboost_regex.so.1.56.0 => /home/ec2-user/Developer/Tools/MATLAB/R2017b/bin/glnxa64/libboost_regex.so.1.56.0 (0x00007fe1113c4000)
	libboost_serialization.so.1.56.0 => /home/ec2-user/Developer/Tools/MATLAB/R2017b/bin/glnxa64/libboost_serialization.so.1.56.0 (0x00007fe111164000)
	libunwind.so.8 => /home/ec2-user/Developer/Tools/MATLAB/R2017b/bin/glnxa64/libunwind.so.8 (0x00007fe110f45000)
	libboost_chrono.so.1.56.0 => /home/ec2-user/Developer/Tools/MATLAB/R2017b/bin/glnxa64/libboost_chrono.so.1.56.0 (0x00007fe110d3f000)
	libicudata.so.56 => /home/ec2-user/Developer/Tools/MATLAB/R2017b/bin/glnxa64/libicudata.so.56 (0x00007fe10f359000)
	libmwlivecode.so => /home/ec2-user/Developer/Tools/MATLAB/R2017b/bin/glnxa64/libmwlivecode.so (0x00007fe10f110000)
	libmwcppmicroservices.so => /home/ec2-user/Developer/Tools/MATLAB/R2017b/bin/glnxa64/libmwcppmicroservices.so (0x00007fe10eee7000)
	libmwregexp.so => /home/ec2-user/Developer/Tools/MATLAB/R2017b/bin/glnxa64/libmwregexp.so (0x00007fe10ec9d000)
	libmwmlutil.so => /home/ec2-user/Developer/Tools/MATLAB/R2017b/bin/glnxa64/libmwmlutil.so (0x00007fe10e43e000)
	libmwsettingscore.so => /home/ec2-user/Developer/Tools/MATLAB/R2017b/bin/glnxa64/libmwsettingscore.so (0x00007fe10dff3000)
	libmwms.so => /home/ec2-user/Developer/Tools/MATLAB/R2017b/bin/glnxa64/libmwms.so (0x00007fe10db0c000)
	libmwkeybrd.so => /home/ec2-user/Developer/Tools/MATLAB/R2017b/bin/glnxa64/libmwkeybrd.so (0x00007fe10d909000)
	libboost_iostreams.so.1.56.0 => /home/ec2-user/Developer/Tools/MATLAB/R2017b/bin/glnxa64/libboost_iostreams.so.1.56.0 (0x00007fe10d6f5000)
	libCppMicroServices.so.3.0.0 => /home/ec2-user/Developer/Tools/MATLAB/R2017b/bin/glnxa64/libCppMicroServices.so.3.0.0 (0x00007fe10d3f4000)
	libmwflstoragevfs.so => /home/ec2-user/Developer/Tools/MATLAB/R2017b/bin/glnxa64/libmwflstoragevfs.so (0x00007fe10d125000)
	libmwstorageshlibstoragesys.so => /home/ec2-user/Developer/Tools/MATLAB/R2017b/bin/glnxa64/libmwstorageshlibstoragesys.so (0x00007fe10cee3000)
	libxerces-c-3.1.so => /home/ec2-user/Developer/Tools/MATLAB/R2017b/bin/glnxa64/libxerces-c-3.1.so (0x00007fe10c831000)
	libmwsearch_path_impl.so => /home/ec2-user/Developer/Tools/MATLAB/R2017b/bin/glnxa64/libmwsearch_path_impl.so (0x00007fe10c564000)
	libmwddux.so => /home/ec2-user/Developer/Tools/MATLAB/R2017b/bin/glnxa64/libmwddux.so (0x00007fe10c346000)
	libmwxmlcore.so => /home/ec2-user/Developer/Tools/MATLAB/R2017b/bin/glnxa64/libmwxmlcore.so (0x00007fe10c0d0000)
	libmwstring_matrix.so => /home/ec2-user/Developer/Tools/MATLAB/R2017b/bin/glnxa64/libmwstring_matrix.so (0x00007fe10bea8000)
	libfreebl3.so => /lib64/libfreebl3.so (0x00007fe10bca6000)
	libaudit.so.1 => /lib64/libaudit.so.1 (0x00007fe10ba7f000)
	libmwopccore.so => /home/ec2-user/Developer/Tools/MATLAB/R2017b/bin/glnxa64/libmwopccore.so (0x00007fe10b827000)
	libmwopcmodel.so => /home/ec2-user/Developer/Tools/MATLAB/R2017b/bin/glnxa64/libmwopcmodel.so (0x00007fe10b554000)
	libmwopczippackage.so => /home/ec2-user/Developer/Tools/MATLAB/R2017b/bin/glnxa64/libmwopczippackage.so (0x00007fe10b32e000)
	libmwopcmwservices.so => /home/ec2-user/Developer/Tools/MATLAB/R2017b/bin/glnxa64/libmwopcmwservices.so (0x00007fe10b0cb000)
	libmwfoundation_extdata_array.so => /home/ec2-user/Developer/Tools/MATLAB/R2017b/bin/glnxa64/libmwfoundation_extdata_array.so (0x00007fe10aea5000)
	libmwflnetwork.so => /home/ec2-user/Developer/Tools/MATLAB/R2017b/bin/glnxa64/libmwflnetwork.so (0x00007fe10abfb000)
	libmwflstorageprovider.so => /home/ec2-user/Developer/Tools/MATLAB/R2017b/bin/glnxa64/libmwflstorageprovider.so (0x00007fe10a9b7000)
	libmwflstorageevents.so => /home/ec2-user/Developer/Tools/MATLAB/R2017b/bin/glnxa64/libmwflstorageevents.so (0x00007fe10a79a000)
	libmwstoragesharedlib.so => /home/ec2-user/Developer/Tools/MATLAB/R2017b/bin/glnxa64/libmwstoragesharedlib.so (0x00007fe10a57e000)
	libmwcwf_interface.so => /home/ec2-user/Developer/Tools/MATLAB/R2017b/bin/glnxa64/libmwcwf_interface.so (0x00007fe10a320000)
	libmwmatlabstoragesystem.so => /home/ec2-user/Developer/Tools/MATLAB/R2017b/bin/glnxa64/libmwmatlabstoragesystem.so (0x00007fe10a11d000)
	libmwsearch_path_events.so => /home/ec2-user/Developer/Tools/MATLAB/R2017b/bin/glnxa64/libmwsearch_path_events.so (0x00007fe109f0d000)
	libmwsearch_path_interfaces.so => /home/ec2-user/Developer/Tools/MATLAB/R2017b/bin/glnxa64/libmwsearch_path_interfaces.so (0x00007fe109d07000)
	libmwsearch_path_utilities.so => /home/ec2-user/Developer/Tools/MATLAB/R2017b/bin/glnxa64/libmwsearch_path_utilities.so (0x00007fe109aee000)
	libmwstoragefilefolderobserver.so => /home/ec2-user/Developer/Tools/MATLAB/R2017b/bin/glnxa64/libmwstoragefilefolderobserver.so (0x00007fe109868000)
	libmwmvm.so => /home/ec2-user/Developer/Tools/MATLAB/R2017b/bin/glnxa64/libmwmvm.so (0x00007fe10934c000)
	libmwmcos.so => /home/ec2-user/Developer/Tools/MATLAB/R2017b/bin/glnxa64/libmwmcos.so (0x00007fe1090f3000)
	libcap-ng.so.0 => /lib64/libcap-ng.so.0 (0x00007fe108eee000)
	libmwflcrypto.so => /home/ec2-user/Developer/Tools/MATLAB/R2017b/bin/glnxa64/libmwflcrypto.so (0x00007fe108cc0000)
	libmwflcryptoutils.so => /home/ec2-user/Developer/Tools/MATLAB/R2017b/bin/glnxa64/libmwflcryptoutils.so (0x00007fe108ab4000)
	libmwflcryptocryptopp.so => /home/ec2-user/Developer/Tools/MATLAB/R2017b/bin/glnxa64/libmwflcryptocryptopp.so (0x00007fe1085ed000)
	libminizip.so => /home/ec2-user/Developer/Tools/MATLAB/R2017b/bin/glnxa64/libminizip.so (0x00007fe1083df000)
	libmwmst.so => /home/ec2-user/Developer/Tools/MATLAB/R2017b/bin/glnxa64/libmwmst.so (0x00007fe108083000)